<?xml version="1.0" encoding="UTF-8"?>
<!-- Generated by org.testng.reporters.JUnitReportReporter -->
<testsuite hostname="LAPTOP-EFBOGEN7" failures="0" tests="4" name="homePage.myTestCases" time="0.313" errors="0" timestamp="2024-08-16T06:59:36 EET" skipped="0">
  <testcase classname="homePage.myTestCases" name="checkTheDefaultlanguageIsEnglishTest" time="0.070"/>
  <system-out/>
  <testcase classname="homePage.myTestCases" name="checkTheDefaultCurrencyIsSAR" time="0.097"/>
  <system-out/>
  <testcase classname="homePage.myTestCases" name="checkTheContactNumber" time="0.049"/>
  <system-out/>
  <testcase classname="homePage.myTestCases" name="checkQtafflogo" time="0.097"/>
  <system-out/>
</testsuite> <!-- homePage.myTestCases -->
