<?xml version="1.0" encoding="UTF-8"?>
<!-- Generated by org.testng.reporters.JUnitReportReporter -->
<testsuite hostname="LAPTOP-EFBOGEN7" failures="0" tests="9" name="homePage.myTestCases" time="9.054" errors="0" timestamp="2024-08-21T18:07:22 EET" skipped="0">
  <testcase classname="homePage.myTestCases" name="checkTheDefaultlanguageIsEnglishTest" time="0.122"/>
  <system-out/>
  <testcase classname="homePage.myTestCases" name="checkTheDefaultCurrencyIsSAR" time="0.461"/>
  <system-out/>
  <testcase classname="homePage.myTestCases" name="checkTheContactNumber" time="0.487"/>
  <system-out/>
  <testcase classname="homePage.myTestCases" name="checkQtafflogo" time="0.315"/>
  <system-out/>
  <testcase classname="homePage.myTestCases" name="CheckHotelSearchTabNotSelected" time="0.095"/>
  <system-out/>
  <testcase classname="homePage.myTestCases" name="CheckDepature" time="0.046"/>
  <system-out/>
  <testcase classname="homePage.myTestCases" name="RandomlyChangeTheLanguage" time="1.376"/>
  <system-out/>
  <testcase classname="homePage.myTestCases" name="FillHotelTab" time="1.035"/>
  <system-out/>
  <testcase classname="homePage.myTestCases" name="RandomlySelectTheNumberOfVistor" time="5.117"/>
  <system-out/>
</testsuite> <!-- homePage.myTestCases -->
