<?xml version="1.0" encoding="UTF-8"?>
<!-- Generated by org.testng.reporters.JUnitReportReporter -->
<testsuite hostname="LAPTOP-EFBOGEN7" failures="0" tests="7" name="homePage.myTestCases" time="9.744" errors="0" timestamp="2024-08-18T05:45:53 EET" skipped="0">
  <testcase classname="homePage.myTestCases" name="checkTheDefaultlanguageIsEnglishTest" time="1.234"/>
  <system-out/>
  <testcase classname="homePage.myTestCases" name="checkTheDefaultCurrencyIsSAR" time="0.169"/>
  <system-out/>
  <testcase classname="homePage.myTestCases" name="checkTheContactNumber" time="0.055"/>
  <system-out/>
  <testcase classname="homePage.myTestCases" name="checkQtafflogo" time="2.827"/>
  <system-out/>
  <testcase classname="homePage.myTestCases" name="CheckHotelSearchTabNotSelected" time="0.113"/>
  <system-out/>
  <testcase classname="homePage.myTestCases" name="CheckDepature" time="0.386"/>
  <system-out/>
  <testcase classname="homePage.myTestCases" name="RandomlyChangeTheLanguage" time="4.960"/>
  <system-out/>
</testsuite> <!-- homePage.myTestCases -->
